<?xml version="1.0" encoding="UTF-8"?>
<!-- Generated by org.testng.reporters.JUnitXMLReporter -->
<testsuite ignored="0" hostname="Ashok-PC" failures="0" tests="12" name="Test" time="141.724" errors="0" timestamp="2020-06-09T19:41:15 IST">
  <testcase classname="FirstMaven.FirstTest" name="firstprint1" time="0.203"/>
  <testcase classname="FirstMaven.FirstTest" name="openurl1" time="11.017"/>
  <testcase classname="FirstMaven.FirstTest" name="firstprint2" time="0.015"/>
  <testcase classname="FirstMaven.FirstTest" name="Screenshot1" time="1.966"/>
  <testcase classname="FirstMaven.SecondTest" name="secondprint1" time="0.0"/>
  <testcase classname="FirstMaven.SecondTest" name="openurl2" time="15.936"/>
  <testcase classname="FirstMaven.SecondTest" name="Screenshot2" time="1.402"/>
  <testcase classname="FirstMaven.SecondTest" name="secondprint2" time="0.0"/>
  <testcase classname="FirstMaven.ThirdTest" name="thirdprint1" time="0.016"/>
  <testcase classname="FirstMaven.ThirdTest" name="openurl3" time="108.531"/>
  <testcase classname="FirstMaven.ThirdTest" name="Screenshot3" time="1.005"/>
  <testcase classname="FirstMaven.ThirdTest" name="thirdprint2" time="0.0"/>
</testsuite> <!-- Test -->
