<?xml version="1.0" encoding="UTF-8"?>
<!-- Generated by org.testng.reporters.JUnitXMLReporter -->
<testsuite ignored="0" hostname="Ashok-PC" failures="0" tests="12" name="Test" time="71.755" errors="0" timestamp="2020-06-10T17:06:20 IST">
  <testcase classname="FirstMaven.FirstTest" name="firstprint1" time="0.101"/>
  <testcase classname="FirstMaven.FirstTest" name="openurl1" time="10.791"/>
  <testcase classname="FirstMaven.FirstTest" name="firstprint2" time="0.0"/>
  <testcase classname="FirstMaven.FirstTest" name="Screenshot1" time="0.747"/>
  <testcase classname="FirstMaven.SecondTest" name="secondprint1" time="0.0"/>
  <testcase classname="FirstMaven.SecondTest" name="openurl2" time="18.756"/>
  <testcase classname="FirstMaven.SecondTest" name="Screenshot2" time="0.819"/>
  <testcase classname="FirstMaven.SecondTest" name="secondprint2" time="0.0"/>
  <testcase classname="FirstMaven.ThirdTest" name="thirdprint1" time="0.0"/>
  <testcase classname="FirstMaven.ThirdTest" name="openurl3" time="38.821"/>
  <testcase classname="FirstMaven.ThirdTest" name="Screenshot3" time="1.215"/>
  <testcase classname="FirstMaven.ThirdTest" name="thirdprint2" time="0.005"/>
</testsuite> <!-- Test -->
