<?xml version="1.0" encoding="UTF-8"?>
<testsuite xmlns:xsi="http://www.w3.org/2001/XMLSchema-instance" xsi:noNamespaceSchemaLocation="https://maven.apache.org/surefire/maven-surefire-plugin/xsd/surefire-test-report-3.0.xsd" version="3.0" name="TestSuite" time="111.64" tests="12" errors="0" skipped="0" failures="0">
  <properties>
[...]
</properties>
  <testcase name="firstprint1" classname="FirstMaven.FirstTest" time="0.054"/>
  <testcase name="openurl1" classname="FirstMaven.FirstTest" time="10.789"/>
  <testcase name="firstprint2" classname="FirstMaven.FirstTest" time="0"/>
  <testcase name="Screenshot1" classname="FirstMaven.FirstTest" time="0.747"/>
  <testcase name="secondprint1" classname="FirstMaven.SecondTest" time="0"/>
  <testcase name="openurl2" classname="FirstMaven.SecondTest" time="18.769"/>
  <testcase name="Screenshot2" classname="FirstMaven.SecondTest" time="0.808"/>
  <testcase name="secondprint2" classname="FirstMaven.SecondTest" time="0"/>
  <testcase name="thirdprint1" classname="FirstMaven.ThirdTest" time="0.001"/>
  <testcase name="openurl3" classname="FirstMaven.ThirdTest" time="38.83"/>
  <testcase name="Screenshot3" classname="FirstMaven.ThirdTest" time="1.206"/>
  <testcase name="thirdprint2" classname="FirstMaven.ThirdTest" time="0.005"/>
</testsuite>