<?xml version="1.0" encoding="UTF-8"?>
<testng-results ignored="0" total="12" passed="12" failed="0" skipped="0">
  <reporter-output>
  </reporter-output>
  <suite started-at="2020-06-10T17:05:06 IST" name="Suite" finished-at="2020-06-10T17:06:18 IST" duration-ms="71755">
    <groups>
    </groups>
    <test started-at="2020-06-10T17:05:06 IST" name="Test" finished-at="2020-06-10T17:06:18 IST" duration-ms="71755">
      <class name="FirstMaven.FirstTest">
        <test-method signature="firstprint1()[pri:1, instance:FirstMaven.FirstTest@5bf22f18]" started-at="2020-06-10T17:05:06 IST" name="firstprint1" finished-at="2020-06-10T17:05:07 IST" duration-ms="101" status="PASS">
          <reporter-output>
          </reporter-output>
        </test-method> <!-- firstprint1 -->
        <test-method signature="openurl1()[pri:3, instance:FirstMaven.FirstTest@5bf22f18]" started-at="2020-06-10T17:05:07 IST" name="openurl1" finished-at="2020-06-10T17:05:17 IST" duration-ms="10791" status="PASS">
          <reporter-output>
          </reporter-output>
        </test-method> <!-- openurl1 -->
        <test-method signature="firstprint2()[pri:4, instance:FirstMaven.FirstTest@5bf22f18]" started-at="2020-06-10T17:05:17 IST" name="firstprint2" finished-at="2020-06-10T17:05:17 IST" duration-ms="0" status="PASS">
          <reporter-output>
          </reporter-output>
        </test-method> <!-- firstprint2 -->
        <test-method signature="Screenshot1()[pri:5, instance:FirstMaven.FirstTest@5bf22f18]" started-at="2020-06-10T17:05:17 IST" name="Screenshot1" finished-at="2020-06-10T17:05:18 IST" duration-ms="747" status="PASS">
          <reporter-output>
          </reporter-output>
        </test-method> <!-- Screenshot1 -->
      </class> <!-- FirstMaven.FirstTest -->
      <class name="FirstMaven.ThirdTest">
        <test-method signature="thirdprint1()[pri:1, instance:FirstMaven.ThirdTest@7a7471ce]" started-at="2020-06-10T17:05:38 IST" name="thirdprint1" finished-at="2020-06-10T17:05:38 IST" duration-ms="0" status="PASS">
          <reporter-output>
          </reporter-output>
        </test-method> <!-- thirdprint1 -->
        <test-method signature="openurl3()[pri:2, instance:FirstMaven.ThirdTest@7a7471ce]" started-at="2020-06-10T17:05:38 IST" name="openurl3" finished-at="2020-06-10T17:06:17 IST" duration-ms="38821" status="PASS">
          <reporter-output>
          </reporter-output>
        </test-method> <!-- openurl3 -->
        <test-method signature="Screenshot3()[pri:3, instance:FirstMaven.ThirdTest@7a7471ce]" started-at="2020-06-10T17:06:17 IST" name="Screenshot3" finished-at="2020-06-10T17:06:18 IST" duration-ms="1215" status="PASS">
          <reporter-output>
          </reporter-output>
        </test-method> <!-- Screenshot3 -->
        <test-method signature="thirdprint2()[pri:4, instance:FirstMaven.ThirdTest@7a7471ce]" started-at="2020-06-10T17:06:18 IST" name="thirdprint2" finished-at="2020-06-10T17:06:18 IST" duration-ms="5" status="PASS">
          <reporter-output>
          </reporter-output>
        </test-method> <!-- thirdprint2 -->
      </class> <!-- FirstMaven.ThirdTest -->
      <class name="FirstMaven.SecondTest">
        <test-method signature="openurl2()[pri:2, instance:FirstMaven.SecondTest@267f474e]" started-at="2020-06-10T17:05:18 IST" name="openurl2" finished-at="2020-06-10T17:05:37 IST" duration-ms="18756" status="PASS">
          <reporter-output>
          </reporter-output>
        </test-method> <!-- openurl2 -->
        <test-method signature="secondprint1()[pri:1, instance:FirstMaven.SecondTest@267f474e]" started-at="2020-06-10T17:05:18 IST" name="secondprint1" finished-at="2020-06-10T17:05:18 IST" duration-ms="0" status="PASS">
          <reporter-output>
          </reporter-output>
        </test-method> <!-- secondprint1 -->
        <test-method signature="Screenshot2()[pri:3, instance:FirstMaven.SecondTest@267f474e]" started-at="2020-06-10T17:05:37 IST" name="Screenshot2" finished-at="2020-06-10T17:05:38 IST" duration-ms="819" status="PASS">
          <reporter-output>
          </reporter-output>
        </test-method> <!-- Screenshot2 -->
        <test-method signature="secondprint2()[pri:4, instance:FirstMaven.SecondTest@267f474e]" started-at="2020-06-10T17:05:38 IST" name="secondprint2" finished-at="2020-06-10T17:05:38 IST" duration-ms="0" status="PASS">
          <reporter-output>
          </reporter-output>
        </test-method> <!-- secondprint2 -->
      </class> <!-- FirstMaven.SecondTest -->
    </test> <!-- Test -->
  </suite> <!-- Suite -->
</testng-results>
