<?xml version="1.0" encoding="UTF-8"?>
<testng-results ignored="0" total="12" passed="12" failed="0" skipped="0">
  <reporter-output>
  </reporter-output>
  <suite started-at="2020-06-09T19:38:47 IST" name="Suite" finished-at="2020-06-09T19:41:09 IST" duration-ms="141724">
    <groups>
    </groups>
    <test started-at="2020-06-09T19:38:47 IST" name="Test" finished-at="2020-06-09T19:41:09 IST" duration-ms="141724">
      <class name="FirstMaven.FirstTest">
        <test-method signature="firstprint1()[pri:1, instance:FirstMaven.FirstTest@41fe9859]" started-at="2020-06-09T19:38:48 IST" name="firstprint1" finished-at="2020-06-09T19:38:49 IST" duration-ms="203" status="PASS">
          <reporter-output>
          </reporter-output>
        </test-method> <!-- firstprint1 -->
        <test-method signature="openurl1()[pri:3, instance:FirstMaven.FirstTest@41fe9859]" started-at="2020-06-09T19:38:49 IST" name="openurl1" finished-at="2020-06-09T19:39:00 IST" duration-ms="11017" status="PASS">
          <reporter-output>
          </reporter-output>
        </test-method> <!-- openurl1 -->
        <test-method signature="firstprint2()[pri:4, instance:FirstMaven.FirstTest@41fe9859]" started-at="2020-06-09T19:39:00 IST" name="firstprint2" finished-at="2020-06-09T19:39:00 IST" duration-ms="15" status="PASS">
          <reporter-output>
          </reporter-output>
        </test-method> <!-- firstprint2 -->
        <test-method signature="Screenshot1()[pri:5, instance:FirstMaven.FirstTest@41fe9859]" started-at="2020-06-09T19:39:00 IST" name="Screenshot1" finished-at="2020-06-09T19:39:02 IST" duration-ms="1966" status="PASS">
          <reporter-output>
          </reporter-output>
        </test-method> <!-- Screenshot1 -->
      </class> <!-- FirstMaven.FirstTest -->
      <class name="FirstMaven.SecondTest">
        <test-method signature="secondprint1()[pri:1, instance:FirstMaven.SecondTest@5ac86ba5]" started-at="2020-06-09T19:39:02 IST" name="secondprint1" finished-at="2020-06-09T19:39:02 IST" duration-ms="0" status="PASS">
          <reporter-output>
          </reporter-output>
        </test-method> <!-- secondprint1 -->
        <test-method signature="openurl2()[pri:2, instance:FirstMaven.SecondTest@5ac86ba5]" started-at="2020-06-09T19:39:02 IST" name="openurl2" finished-at="2020-06-09T19:39:18 IST" duration-ms="15936" status="PASS">
          <reporter-output>
          </reporter-output>
        </test-method> <!-- openurl2 -->
        <test-method signature="Screenshot2()[pri:3, instance:FirstMaven.SecondTest@5ac86ba5]" started-at="2020-06-09T19:39:18 IST" name="Screenshot2" finished-at="2020-06-09T19:39:19 IST" duration-ms="1402" status="PASS">
          <reporter-output>
          </reporter-output>
        </test-method> <!-- Screenshot2 -->
        <test-method signature="secondprint2()[pri:4, instance:FirstMaven.SecondTest@5ac86ba5]" started-at="2020-06-09T19:39:19 IST" name="secondprint2" finished-at="2020-06-09T19:39:19 IST" duration-ms="0" status="PASS">
          <reporter-output>
          </reporter-output>
        </test-method> <!-- secondprint2 -->
      </class> <!-- FirstMaven.SecondTest -->
      <class name="FirstMaven.ThirdTest">
        <test-method signature="thirdprint1()[pri:1, instance:FirstMaven.ThirdTest@6c67e137]" started-at="2020-06-09T19:39:19 IST" name="thirdprint1" finished-at="2020-06-09T19:39:19 IST" duration-ms="16" status="PASS">
          <reporter-output>
          </reporter-output>
        </test-method> <!-- thirdprint1 -->
        <test-method signature="openurl3()[pri:2, instance:FirstMaven.ThirdTest@6c67e137]" started-at="2020-06-09T19:39:19 IST" name="openurl3" finished-at="2020-06-09T19:41:08 IST" duration-ms="108531" status="PASS">
          <reporter-output>
          </reporter-output>
        </test-method> <!-- openurl3 -->
        <test-method signature="Screenshot3()[pri:3, instance:FirstMaven.ThirdTest@6c67e137]" started-at="2020-06-09T19:41:08 IST" name="Screenshot3" finished-at="2020-06-09T19:41:09 IST" duration-ms="1005" status="PASS">
          <reporter-output>
          </reporter-output>
        </test-method> <!-- Screenshot3 -->
        <test-method signature="thirdprint2()[pri:4, instance:FirstMaven.ThirdTest@6c67e137]" started-at="2020-06-09T19:41:09 IST" name="thirdprint2" finished-at="2020-06-09T19:41:09 IST" duration-ms="0" status="PASS">
          <reporter-output>
          </reporter-output>
        </test-method> <!-- thirdprint2 -->
      </class> <!-- FirstMaven.ThirdTest -->
    </test> <!-- Test -->
  </suite> <!-- Suite -->
</testng-results>
