<?xml version="1.0" encoding="UTF-8"?>
<!-- Generated by org.testng.reporters.JUnitReportReporter -->
<testsuite hostname="Ashok-PC" failures="0" tests="4" name="FirstMaven.ThirdTest" time="40.041" errors="0" timestamp="2020-06-10T17:06:24 IST" skipped="0">
  <testcase classname="FirstMaven.ThirdTest" name="thirdprint1" time="0.000"/>
  <system-out/>
  <testcase classname="FirstMaven.ThirdTest" name="openurl3" time="38.821"/>
  <system-out/>
  <testcase classname="FirstMaven.ThirdTest" name="Screenshot3" time="1.215"/>
  <system-out/>
  <testcase classname="FirstMaven.ThirdTest" name="thirdprint2" time="0.005"/>
  <system-out/>
</testsuite> <!-- FirstMaven.ThirdTest -->
